<?xml version="1.0" encoding="UTF-8" ?>
<testsuite failures="0" time="3.533" errors="0" skipped="0" tests="1" name="com.picturerequest.picture.PictureTestCase">
  <properties>
    <property name="java.vendor" value="Apple Inc."/>
    <property name="localRepository" value="/Users/estebanroblesluna/.m2/repository"/>
    <property name="sun.java.launcher" value="SUN_STANDARD"/>
    <property name="sun.management.compiler" value="HotSpot 64-Bit Server Compiler"/>
    <property name="env.SECURITYSESSIONID" value="310a12"/>
    <property name="os.name" value="Mac OS X"/>
    <property name="sun.boot.class.path" value="/System/Library/Frameworks/JavaVM.framework/Versions/1.6.0/Classes/jsfd.jar:/System/Library/Frameworks/JavaVM.framework/Versions/1.6.0/Classes/classes.jar:/System/Library/Frameworks/JavaVM.framework/Frameworks/JavaRuntimeSupport.framework/Resources/Java/JavaRuntimeSupport.jar:/System/Library/Frameworks/JavaVM.framework/Versions/1.6.0/Classes/ui.jar:/System/Library/Frameworks/JavaVM.framework/Versions/1.6.0/Classes/laf.jar:/System/Library/Frameworks/JavaVM.framework/Versions/1.6.0/Classes/sunrsasign.jar:/System/Library/Frameworks/JavaVM.framework/Versions/1.6.0/Classes/jsse.jar:/System/Library/Frameworks/JavaVM.framework/Versions/1.6.0/Classes/jce.jar:/System/Library/Frameworks/JavaVM.framework/Versions/1.6.0/Classes/charsets.jar"/>
    <property name="env.TMPDIR" value="/var/folders/56/56-IqOdSEjCm79mYJ39kUU+++TI/-Tmp-/"/>
    <property name="env.PWD" value="/Users/estebanroblesluna/Documents/workspaceActivitiGIT/picture-request-v1"/>
    <property name="env.LANG" value="en_US.UTF-8"/>
    <property name="java.vm.specification.vendor" value="Sun Microsystems Inc."/>
    <property name="java.runtime.version" value="1.6.0_15-b03-219"/>
    <property name="env.Apple_PubSub_Socket_Render" value="/tmp/launch-xxprGC/Render"/>
    <property name="env.DISPLAY" value="/tmp/launch-jPsT0G/org.x:0"/>
    <property name="user.name" value="estebanroblesluna"/>
    <property name="env.USER" value="estebanroblesluna"/>
    <property name="env.SHELL" value="/bin/bash"/>
    <property name="env.__CF_USER_TEXT_ENCODING" value="0x1F5:0:0"/>
    <property name="awt.nativeDoubleBuffering" value="true"/>
    <property name="env.PATH" value="/usr/bin:/bin:/usr/sbin:/sbin:/usr/local/bin:/usr/local/git/bin:/usr/texbin:/usr/X11/bin:/Users/estebanroblesluna/Downloads/"/>
    <property name="user.language" value="en"/>
    <property name="sun.boot.library.path" value="/System/Library/Frameworks/JavaVM.framework/Versions/1.6.0/Libraries"/>
    <property name="classworlds.conf" value="/usr/share/maven/bin/m2.conf"/>
    <property name="env.LC_CTYPE" value="en_US.UTF-8"/>
    <property name="java.version" value="1.6.0_15"/>
    <property name="user.timezone" value="GMT-00:03"/>
    <property name="sun.arch.data.model" value="64"/>
    <property name="http.nonProxyHosts" value="local|*.local|169.254/16|*.169.254/16"/>
    <property name="java.endorsed.dirs" value="/System/Library/Frameworks/JavaVM.framework/Versions/1.6.0/Home/lib/endorsed"/>
    <property name="sun.cpu.isalist" value=""/>
    <property name="sun.jnu.encoding" value="MacRoman"/>
    <property name="file.encoding.pkg" value="sun.io"/>
    <property name="env.SHLVL" value="1"/>
    <property name="file.separator" value="/"/>
    <property name="java.specification.name" value="Java Platform API Specification"/>
    <property name="java.class.version" value="50.0"/>
    <property name="user.country" value="US"/>
    <property name="java.home" value="/System/Library/Frameworks/JavaVM.framework/Versions/1.6.0/Home"/>
    <property name="java.vm.info" value="mixed mode"/>
    <property name="env.LOGNAME" value="estebanroblesluna"/>
    <property name="os.version" value="10.6.4"/>
    <property name="env.JAVA_MAIN_CLASS_10613" value="org.codehaus.classworlds.Launcher"/>
    <property name="env.TERM_PROGRAM_VERSION" value="273"/>
    <property name="path.separator" value=":"/>
    <property name="java.vm.version" value="14.1-b02-90"/>
    <property name="java.awt.printerjob" value="apple.awt.CPrinterJob"/>
    <property name="env.TERM" value="xterm-color"/>
    <property name="sun.io.unicode.encoding" value="UnicodeLittle"/>
    <property name="awt.toolkit" value="apple.awt.CToolkit"/>
    <property name="socksNonProxyHosts" value="local|*.local|169.254/16|*.169.254/16"/>
    <property name="ftp.nonProxyHosts" value="local|*.local|169.254/16|*.169.254/16"/>
    <property name="user.home" value="/Users/estebanroblesluna"/>
    <property name="env.OLDPWD" value="/Users/estebanroblesluna/Documents/workspaceActivitiGIT/picture-request-v1"/>
    <property name="java.specification.vendor" value="Sun Microsystems Inc."/>
    <property name="env.TERM_PROGRAM" value="Apple_Terminal"/>
    <property name="env.MULE_HOME" value="/Users/estebanroblesluna/Mule/mule-standalone-3.1.0/"/>
    <property name="java.library.path" value=".:/Library/Java/Extensions:/System/Library/Java/Extensions:/usr/lib/java"/>
    <property name="java.vendor.url" value="http://www.apple.com/"/>
    <property name="java.vm.vendor" value="Apple Inc."/>
    <property name="gopherProxySet" value="false"/>
    <property name="maven.home" value="/usr/share/maven"/>
    <property name="java.runtime.name" value="Java(TM) SE Runtime Environment"/>
    <property name="mule.encoding" value="UTF-8"/>
    <property name="java.class.path" value="/usr/share/maven/boot/classworlds-1.1.jar"/>
    <property name="java.vm.specification.name" value="Java Virtual Machine Specification"/>
    <property name="java.vm.specification.version" value="1.0"/>
    <property name="sun.cpu.endian" value="little"/>
    <property name="sun.os.patch.level" value="unknown"/>
    <property name="env.HOME" value="/Users/estebanroblesluna"/>
    <property name="surefire.test.class.path" value="/Users/estebanroblesluna/Documents/workspaceActivitiGIT/picture-request-v1/target/test-classes:/Users/estebanroblesluna/Documents/workspaceActivitiGIT/picture-request-v1/target/classes:/Users/estebanroblesluna/.m2/repository/org/mule/mule-core/3.1.0/mule-core-3.1.0.jar:/Users/estebanroblesluna/.m2/repository/commons-beanutils/commons-beanutils/1.8.0/commons-beanutils-1.8.0.jar:/Users/estebanroblesluna/.m2/repository/org/safehaus/jug/jug/2.0.0-osgi/jug-2.0.0-osgi-asl.jar:/Users/estebanroblesluna/.m2/repository/backport-util-concurrent/backport-util-concurrent/3.1-osgi/backport-util-concurrent-3.1-osgi.jar:/Users/estebanroblesluna/.m2/repository/commons-cli/commons-cli/1.2/commons-cli-1.2.jar:/Users/estebanroblesluna/.m2/repository/commons-collections/commons-collections/3.2.1/commons-collections-3.2.1.jar:/Users/estebanroblesluna/.m2/repository/commons-io/commons-io/1.4/commons-io-1.4.jar:/Users/estebanroblesluna/.m2/repository/commons-lang/commons-lang/2.4/commons-lang-2.4.jar:/Users/estebanroblesluna/.m2/repository/commons-pool/commons-pool/1.5.3/commons-pool-1.5.3.jar:/Users/estebanroblesluna/.m2/repository/javax/activation/activation/1.1-osgi/activation-1.1-osgi.jar:/Users/estebanroblesluna/.m2/repository/org/apache/geronimo/specs/geronimo-jta_1.0.1B_spec/1.1-osgi/geronimo-jta_1.0.1B_spec-1.1-osgi.jar:/Users/estebanroblesluna/.m2/repository/org/apache/geronimo/specs/geronimo-j2ee-connector_1.5_spec/1.1-osgi/geronimo-j2ee-connector_1.5_spec-1.1-osgi.jar:/Users/estebanroblesluna/.m2/repository/javax/annotation/jsr250-api/1.0/jsr250-api-1.0.jar:/Users/estebanroblesluna/.m2/repository/org/slf4j/jcl-over-slf4j/1.6.1/jcl-over-slf4j-1.6.1.jar:/Users/estebanroblesluna/.m2/repository/org/slf4j/slf4j-api/1.6.1/slf4j-api-1.6.1.jar:/Users/estebanroblesluna/.m2/repository/org/slf4j/slf4j-log4j12/1.6.1/slf4j-log4j12-1.6.1.jar:/Users/estebanroblesluna/.m2/repository/log4j/log4j/1.2.14/log4j-1.2.14.jar:/Users/estebanroblesluna/.m2/repository/asm/asm/3.1/asm-3.1.jar:/Users/estebanroblesluna/.m2/repository/asm/asm-commons/3.1/asm-commons-3.1.jar:/Users/estebanroblesluna/.m2/repository/asm/asm-tree/3.1/asm-tree-3.1.jar:/Users/estebanroblesluna/.m2/repository/junit/junit/4.8.1/junit-4.8.1.jar:/Users/estebanroblesluna/.m2/repository/org/mule/modules/mule-module-spring-config/3.1.0/mule-module-spring-config-3.1.0.jar:/Users/estebanroblesluna/.m2/repository/org/mule/modules/mule-module-annotations/3.1.0/mule-module-annotations-3.1.0.jar:/Users/estebanroblesluna/.m2/repository/cglib/cglib-nodep/2.2/cglib-nodep-2.2.jar:/Users/estebanroblesluna/.m2/repository/org/springframework/spring-context/3.0.3.RELEASE/spring-context-3.0.3.RELEASE.jar:/Users/estebanroblesluna/.m2/repository/org/springframework/spring-aop/3.0.3.RELEASE/spring-aop-3.0.3.RELEASE.jar:/Users/estebanroblesluna/.m2/repository/org/springframework/spring-asm/3.0.3.RELEASE/spring-asm-3.0.3.RELEASE.jar:/Users/estebanroblesluna/.m2/repository/org/springframework/spring-beans/3.0.3.RELEASE/spring-beans-3.0.3.RELEASE.jar:/Users/estebanroblesluna/.m2/repository/org/springframework/spring-core/3.0.3.RELEASE/spring-core-3.0.3.RELEASE.jar:/Users/estebanroblesluna/.m2/repository/org/springframework/spring-expression/3.0.3.RELEASE/spring-expression-3.0.3.RELEASE.jar:/Users/estebanroblesluna/.m2/repository/dom4j/dom4j/1.6.1-osgi/dom4j-1.6.1-osgi.jar:/Users/estebanroblesluna/.m2/repository/jaxen/jaxen/1.1.1/jaxen-1.1.1.jar:/Users/estebanroblesluna/.m2/repository/jdom/jdom/1.0/jdom-1.0.jar:/Users/estebanroblesluna/.m2/repository/org/mule/transports/mule-transport-ajax/3.1.0/mule-transport-ajax-3.1.0.jar:/Users/estebanroblesluna/.m2/repository/org/mule/transports/mule-transport-servlet/3.1.0/mule-transport-servlet-3.1.0.jar:/Users/estebanroblesluna/.m2/repository/org/mule/transports/mule-transport-http/3.1.0/mule-transport-http-3.1.0.jar:/Users/estebanroblesluna/.m2/repository/org/mule/transports/mule-transport-ssl/3.1.0/mule-transport-ssl-3.1.0.jar:/Users/estebanroblesluna/.m2/repository/org/mule/transports/mule-transport-tcp/3.1.0/mule-transport-tcp-3.1.0.jar:/Users/estebanroblesluna/.m2/repository/commons-codec/commons-codec/1.3-osgi/commons-codec-1.3-osgi.jar:/Users/estebanroblesluna/.m2/repository/commons-httpclient/commons-httpclient/3.1-osgi/commons-httpclient-3.1-osgi.jar:/Users/estebanroblesluna/.m2/repository/tomcat/tomcat-util/5.5.23/tomcat-util-5.5.23.jar:/Users/estebanroblesluna/.m2/repository/tomcat/tomcat-apr/5.5.23/tomcat-apr-5.5.23.jar:/Users/estebanroblesluna/.m2/repository/org/mule/transports/mule-transport-jetty/3.1.0/mule-transport-jetty-3.1.0.jar:/Users/estebanroblesluna/.m2/repository/org/mortbay/jetty/jetty/6.1.22/jetty-6.1.22.jar:/Users/estebanroblesluna/.m2/repository/org/mortbay/jetty/jetty-util/6.1.22/jetty-util-6.1.22.jar:/Users/estebanroblesluna/.m2/repository/org/mortbay/jetty/servlet-api/2.5-20081211/servlet-api-2.5-20081211.jar:/Users/estebanroblesluna/.m2/repository/org/mortbay/jetty/cometd-server/6.1.22/cometd-server-6.1.22.jar:/Users/estebanroblesluna/.m2/repository/org/cometd/java/cometd-api/1.0.0rc0/cometd-api-1.0.0rc0.jar:/Users/estebanroblesluna/.m2/repository/org/mortbay/jetty/jetty-util5/6.1.22/jetty-util5-6.1.22.jar:/Users/estebanroblesluna/.m2/repository/org/mule/modules/mule-module-json/3.1.0/mule-module-json-3.1.0.jar:/Users/estebanroblesluna/.m2/repository/org/codehaus/jackson/jackson-core-asl/1.3.1/jackson-core-asl-1.3.1.jar:/Users/estebanroblesluna/.m2/repository/org/codehaus/jackson/jackson-mapper-asl/1.3.1/jackson-mapper-asl-1.3.1.jar:/Users/estebanroblesluna/.m2/repository/org/mule/transports/mule-transport-vm/3.1.0/mule-transport-vm-3.1.0.jar:/Users/estebanroblesluna/.m2/repository/org/mule/modules/mule-module-xml/3.1.0/mule-module-xml-3.1.0.jar:/Users/estebanroblesluna/.m2/repository/org/apache/geronimo/specs/geronimo-stax-api_1.0_spec/1.0.1/geronimo-stax-api_1.0_spec-1.0.1.jar:/Users/estebanroblesluna/.m2/repository/commons-jxpath/commons-jxpath/1.3-osgi/commons-jxpath-1.3-osgi.jar:/Users/estebanroblesluna/.m2/repository/com/thoughtworks/xstream/xstream/1.2.2-osgi/xstream-1.2.2-osgi.jar:/Users/estebanroblesluna/.m2/repository/xpp3/xpp3_min/1.1.3.4.O-osgi/xpp3_min-1.1.3.4.O-osgi.jar:/Users/estebanroblesluna/.m2/repository/joda-time/joda-time/1.6/joda-time-1.6.jar:/Users/estebanroblesluna/.m2/repository/org/codehaus/woodstox/woodstox-core-asl/4.0.8/woodstox-core-asl-4.0.8.jar:/Users/estebanroblesluna/.m2/repository/org/codehaus/woodstox/stax2-api/3.0.2/stax2-api-3.0.2.jar:/Users/estebanroblesluna/.m2/repository/net/java/dev/stax-utils/stax-utils/20080702-osgi/stax-utils-20080702-osgi.jar:/Users/estebanroblesluna/.m2/repository/net/sf/saxon/saxon/8.9.0.4-osgi/saxon-8.9.0.4-osgi.jar:/Users/estebanroblesluna/.m2/repository/net/sf/saxon/saxon-dom/8.9.0.4-osgi/saxon-dom-8.9.0.4-osgi.jar:/Users/estebanroblesluna/.m2/repository/net/sf/saxon/saxon-xqj/8.9.0.4/saxon-xqj-8.9.0.4.jar:/Users/estebanroblesluna/.m2/repository/javax/xml/bind/jaxb-api/2.1/jaxb-api-2.1.jar:/Users/estebanroblesluna/.m2/repository/com/sun/xml/bind/jaxb-impl/2.1.5/jaxb-impl-2.1.5.jar:/Users/estebanroblesluna/.m2/repository/org/mule/modules/mule-module-client/3.1.0/mule-module-client-3.1.0.jar:/Users/estebanroblesluna/.m2/repository/org/mule/modules/mule-module-cxf/3.1.0/mule-module-cxf-3.1.0.jar:/Users/estebanroblesluna/.m2/repository/org/apache/cxf/cxf-rt-core/2.3.0/cxf-rt-core-2.3.0.jar:/Users/estebanroblesluna/.m2/repository/org/apache/cxf/cxf-api/2.3.0/cxf-api-2.3.0.jar:/Users/estebanroblesluna/.m2/repository/org/apache/cxf/cxf-common-utilities/2.3.0/cxf-common-utilities-2.3.0.jar:/Users/estebanroblesluna/.m2/repository/org/apache/ws/commons/schema/XmlSchema/1.4.7/XmlSchema-1.4.7.jar:/Users/estebanroblesluna/.m2/repository/org/apache/neethi/neethi/2.0.4/neethi-2.0.4.jar:/Users/estebanroblesluna/.m2/repository/wsdl4j/wsdl4j/1.6.2/wsdl4j-1.6.2.jar:/Users/estebanroblesluna/.m2/repository/org/apache/cxf/cxf-common-schemas/2.3.0/cxf-common-schemas-2.3.0.jar:/Users/estebanroblesluna/.m2/repository/org/apache/cxf/cxf-rt-frontend-simple/2.3.0/cxf-rt-frontend-simple-2.3.0.jar:/Users/estebanroblesluna/.m2/repository/org/apache/cxf/cxf-rt-bindings-soap/2.3.0/cxf-rt-bindings-soap-2.3.0.jar:/Users/estebanroblesluna/.m2/repository/org/apache/cxf/cxf-tools-common/2.3.0/cxf-tools-common-2.3.0.jar:/Users/estebanroblesluna/.m2/repository/org/apache/cxf/cxf-rt-databinding-jaxb/2.3.0/cxf-rt-databinding-jaxb-2.3.0.jar:/Users/estebanroblesluna/.m2/repository/org/apache/cxf/cxf-rt-frontend-jaxws/2.3.0/cxf-rt-frontend-jaxws-2.3.0.jar:/Users/estebanroblesluna/.m2/repository/xml-resolver/xml-resolver/1.2/xml-resolver-1.2.jar:/Users/estebanroblesluna/.m2/repository/org/apache/cxf/cxf-rt-bindings-xml/2.3.0/cxf-rt-bindings-xml-2.3.0.jar:/Users/estebanroblesluna/.m2/repository/org/apache/cxf/cxf-rt-transports-http/2.3.0/cxf-rt-transports-http-2.3.0.jar:/Users/estebanroblesluna/.m2/repository/org/springframework/spring-web/3.0.3.RELEASE/spring-web-3.0.3.RELEASE.jar:/Users/estebanroblesluna/.m2/repository/aopalliance/aopalliance/1.0/aopalliance-1.0.jar:/Users/estebanroblesluna/.m2/repository/org/apache/cxf/cxf-rt-ws-addr/2.3.0/cxf-rt-ws-addr-2.3.0.jar:/Users/estebanroblesluna/.m2/repository/org/apache/cxf/cxf-rt-databinding-aegis/2.3.0/cxf-rt-databinding-aegis-2.3.0.jar:/Users/estebanroblesluna/.m2/repository/com/sun/xml/bind/jaxb-xjc/2.1.13/jaxb-xjc-2.1.13.jar:/Users/estebanroblesluna/.m2/repository/org/apache/cxf/cxf-rt-transports-local/2.3.0/cxf-rt-transports-local-2.3.0.jar:/Users/estebanroblesluna/.m2/repository/org/apache/cxf/cxf-rt-ws-security/2.3.0/cxf-rt-ws-security-2.3.0.jar:/Users/estebanroblesluna/.m2/repository/org/apache/ws/security/wss4j/1.5.9/wss4j-1.5.9.jar:/Users/estebanroblesluna/.m2/repository/org/apache/santuario/xmlsec/1.4.3/xmlsec-1.4.3.jar:/Users/estebanroblesluna/.m2/repository/org/bouncycastle/bcprov-jdk15/1.43/bcprov-jdk15-1.43.jar:/Users/estebanroblesluna/.m2/repository/org/apache/cxf/cxf-rt-ws-rm/2.3.0/cxf-rt-ws-rm-2.3.0.jar:/Users/estebanroblesluna/.m2/repository/org/apache/cxf/cxf-wstx-msv-validation/2.3.0/cxf-wstx-msv-validation-2.3.0.jar:/Users/estebanroblesluna/.m2/repository/net/java/dev/msv/msv-core/2010.1/msv-core-2010.1.jar:/Users/estebanroblesluna/.m2/repository/com/sun/msv/datatype/xsd/xsdlib/2010.1/xsdlib-2010.1.jar:/Users/estebanroblesluna/.m2/repository/relaxngDatatype/relaxngDatatype/20020414/relaxngDatatype-20020414.jar:/Users/estebanroblesluna/.m2/repository/isorelax/isorelax/20030108/isorelax-20030108.jar:/Users/estebanroblesluna/.m2/repository/com/sun/xml/messaging/saaj/saaj-impl/1.3-osgi/saaj-impl-1.3-osgi.jar:/Users/estebanroblesluna/.m2/repository/javax/xml/soap/saaj-api/1.3/saaj-api-1.3.jar:/Users/estebanroblesluna/.m2/repository/org/mule/modules/mule-module-spring-security/3.1.0/mule-module-spring-security-3.1.0.jar:/Users/estebanroblesluna/.m2/repository/org/mule/modules/mule-module-spring-extras/3.1.0/mule-module-spring-extras-3.1.0.jar:/Users/estebanroblesluna/.m2/repository/org/springframework/spring-jdbc/3.0.3.RELEASE/spring-jdbc-3.0.3.RELEASE.jar:/Users/estebanroblesluna/.m2/repository/org/springframework/spring-tx/3.0.3.RELEASE/spring-tx-3.0.3.RELEASE.jar:/Users/estebanroblesluna/.m2/repository/org/springframework/spring-jms/3.0.3.RELEASE/spring-jms-3.0.3.RELEASE.jar:/Users/estebanroblesluna/.m2/repository/org/mule/modules/mule-module-builders/3.1.0/mule-module-builders-3.1.0.jar:/Users/estebanroblesluna/.m2/repository/org/mule/modules/mule-module-management/3.1.0/mule-module-management-3.1.0.jar:/Users/estebanroblesluna/.m2/repository/mx4j/mx4j-jmx/2.1.1-osgi/mx4j-jmx-2.1.1-osgi.jar:/Users/estebanroblesluna/.m2/repository/mx4j/mx4j-impl/2.1.1-osgi/mx4j-impl-2.1.1-osgi.jar:/Users/estebanroblesluna/.m2/repository/mx4j/mx4j-tools/2.1.1-osgi/mx4j-tools-2.1.1-osgi.jar:/Users/estebanroblesluna/.m2/repository/mx4j/mx4j-remote/2.1.1-osgi/mx4j-remote-2.1.1-osgi.jar:/Users/estebanroblesluna/.m2/repository/com/yourkit/yjp-controller-api-redist/9.0.8/yjp-controller-api-redist-9.0.8.jar:/Users/estebanroblesluna/.m2/repository/tanukisoft/wrapper/3.2.3/wrapper-3.2.3.jar:/Users/estebanroblesluna/.m2/repository/org/apache/geronimo/specs/geronimo-jms_1.1_spec/1.1-osgi/geronimo-jms_1.1_spec-1.1-osgi.jar:/Users/estebanroblesluna/.m2/repository/org/springframework/security/spring-security-core/3.0.3.RELEASE/spring-security-core-3.0.3.RELEASE.jar:/Users/estebanroblesluna/.m2/repository/org/aspectj/aspectjrt/1.5.4/aspectjrt-1.5.4.jar:/Users/estebanroblesluna/.m2/repository/org/aspectj/aspectjweaver/1.6.8/aspectjweaver-1.6.8.jar:/Users/estebanroblesluna/.m2/repository/org/springframework/security/spring-security-config/3.0.3.RELEASE/spring-security-config-3.0.3.RELEASE.jar:/Users/estebanroblesluna/.m2/repository/org/springframework/security/spring-security-web/3.0.3.RELEASE/spring-security-web-3.0.3.RELEASE.jar:/Users/estebanroblesluna/.m2/repository/org/apache/geronimo/specs/geronimo-annotation_1.0_spec/1.1.1/geronimo-annotation_1.0_spec-1.1.1.jar:/Users/estebanroblesluna/.m2/repository/javax/mail/mail/1.4.3/mail-1.4.3.jar:/Users/estebanroblesluna/.m2/repository/javax/xml/ws/jaxws-api/2.2.1/jaxws-api-2.2.1.jar:/Users/estebanroblesluna/.m2/repository/javax/jws/jsr181-api/1.0-MR1/jsr181-api-1.0-MR1.jar:/Users/estebanroblesluna/.m2/repository/ant/ant/1.6.5/ant-1.6.5.jar:/Users/estebanroblesluna/.m2/repository/org/mule/modules/mule-module-scripting/3.1.0/mule-module-scripting-3.1.0.jar:/Users/estebanroblesluna/.m2/repository/org/livetribe/livetribe-jsr223/2.0.5/livetribe-jsr223-2.0.5.jar:/Users/estebanroblesluna/.m2/repository/org/codehaus/groovy/groovy-all/1.6.7/groovy-all-1.6.7.jar:/Users/estebanroblesluna/.m2/repository/org/mule/modules/mule-module-sxc/3.1.0/mule-module-sxc-3.1.0.jar:/Users/estebanroblesluna/.m2/repository/com/envoisolutions/sxc/sxc-xpath/0.7.3-osgi/sxc-xpath-0.7.3-osgi.jar:/Users/estebanroblesluna/.m2/repository/com/envoisolutions/sxc/sxc-core/0.7.3-osgi/sxc-core-0.7.3-osgi.jar:/Users/estebanroblesluna/.m2/repository/com/envoisolutions/sxc/sxc-runtime/0.7.3-osgi/sxc-runtime-0.7.3-osgi.jar:/Users/estebanroblesluna/.m2/repository/org/mule/tests/mule-tests-functional/3.1.0/mule-tests-functional-3.1.0.jar:/Users/estebanroblesluna/.m2/repository/org/mule/mule-core/3.1.0/mule-core-3.1.0-tests.jar:/Users/estebanroblesluna/.m2/repository/mockobjects/mockobjects-core/0.09/mockobjects-core-0.09.jar:"/>
    <property name="java.io.tmpdir" value="/var/folders/56/56-IqOdSEjCm79mYJ39kUU+++TI/-Tmp-/"/>
    <property name="java.vendor.url.bug" value="http://bugreport.apple.com/"/>
    <property name="env.VISUALWORKS" value="/Users/estebanroblesluna/vw7.5nc"/>
    <property name="env.SSH_AUTH_SOCK" value="/tmp/launch-n6D70O/Listeners"/>
    <property name="env.MAVEN_OPTS" value="-Xmx2048m -XX:MaxPermSize=1024m"/>
    <property name="env.COMMAND_MODE" value="unix2003"/>
    <property name="java.awt.graphicsenv" value="apple.awt.CGraphicsEnvironment"/>
    <property name="os.arch" value="x86_64"/>
    <property name="java.ext.dirs" value="/Library/Java/Extensions:/System/Library/Java/Extensions:/System/Library/Frameworks/JavaVM.framework/Versions/1.6.0/Home/lib/ext"/>
    <property name="user.dir" value="/Users/estebanroblesluna/Documents/workspaceActivitiGIT/picture-request-v1"/>
    <property name="mrj.version" value="1060.1.6.0_15-219"/>
    <property name="line.separator" value="
"/>
    <property name="env.LC_ALL" value="en_US.UTF-8"/>
    <property name="java.vm.name" value="Java HotSpot(TM) 64-Bit Server VM"/>
    <property name="basedir" value="/Users/estebanroblesluna/Documents/workspaceActivitiGIT/picture-request-v1"/>
    <property name="file.encoding" value="MacRoman"/>
    <property name="env.GPG_AGENT_INFO" value="/Users/estebanroblesluna/.gnupg/S.gpg-agent:234:1"/>
    <property name="java.specification.version" value="1.6"/>
  </properties>
  <testcase time="3.452" classname="com.picturerequest.picture.PictureTestCase" name="testPicture"/>
</testsuite>